Determining if the pthread_create exist failed with the following output:
Change Dir: /home/dgquintas/Dropbox/samples/algorithms/dynamic_programming/linear_partitioning/cpp/linear_partitioning/build/CMakeFiles/CMakeTmp

Run Build Command:"/usr/bin/make" "cmTryCompileExec3646016986/fast"
/usr/bin/make -f CMakeFiles/cmTryCompileExec3646016986.dir/build.make CMakeFiles/cmTryCompileExec3646016986.dir/build
make[1]: Entering directory '/home/dgquintas/Dropbox/samples/algorithms/dynamic_programming/linear_partitioning/cpp/linear_partitioning/build/CMakeFiles/CMakeTmp'
/usr/bin/cmake -E cmake_progress_report /home/dgquintas/Dropbox/samples/algorithms/dynamic_programming/linear_partitioning/cpp/linear_partitioning/build/CMakeFiles/CMakeTmp/CMakeFiles 1
Building C object CMakeFiles/cmTryCompileExec3646016986.dir/CheckSymbolExists.c.o
/usr/bin/cc    -o CMakeFiles/cmTryCompileExec3646016986.dir/CheckSymbolExists.c.o   -c /home/dgquintas/Dropbox/samples/algorithms/dynamic_programming/linear_partitioning/cpp/linear_partitioning/build/CMakeFiles/CMakeTmp/CheckSymbolExists.c
Linking C executable cmTryCompileExec3646016986
/usr/bin/cmake -E cmake_link_script CMakeFiles/cmTryCompileExec3646016986.dir/link.txt --verbose=1
/usr/bin/cc      CMakeFiles/cmTryCompileExec3646016986.dir/CheckSymbolExists.c.o  -o cmTryCompileExec3646016986 -rdynamic 
CMakeFiles/cmTryCompileExec3646016986.dir/CheckSymbolExists.c.o: In function `main':
CheckSymbolExists.c:(.text+0x16): undefined reference to `pthread_create'
collect2: error: ld returned 1 exit status
CMakeFiles/cmTryCompileExec3646016986.dir/build.make:88: recipe for target 'cmTryCompileExec3646016986' failed
make[1]: Leaving directory '/home/dgquintas/Dropbox/samples/algorithms/dynamic_programming/linear_partitioning/cpp/linear_partitioning/build/CMakeFiles/CMakeTmp'
Makefile:118: recipe for target 'cmTryCompileExec3646016986/fast' failed
make[1]: *** [cmTryCompileExec3646016986] Error 1
make: *** [cmTryCompileExec3646016986/fast] Error 2

File /home/dgquintas/Dropbox/samples/algorithms/dynamic_programming/linear_partitioning/cpp/linear_partitioning/build/CMakeFiles/CMakeTmp/CheckSymbolExists.c:
/* */
#include <pthread.h>

int main(int argc, char** argv)
{
  (void)argv;
#ifndef pthread_create
  return ((int*)(&pthread_create))[argc];
#else
  (void)argc;
  return 0;
#endif
}

Determining if the function pthread_create exists in the pthreads failed with the following output:
Change Dir: /home/dgquintas/Dropbox/samples/algorithms/dynamic_programming/linear_partitioning/cpp/linear_partitioning/build/CMakeFiles/CMakeTmp

Run Build Command:"/usr/bin/make" "cmTryCompileExec3992337947/fast"
/usr/bin/make -f CMakeFiles/cmTryCompileExec3992337947.dir/build.make CMakeFiles/cmTryCompileExec3992337947.dir/build
make[1]: Entering directory '/home/dgquintas/Dropbox/samples/algorithms/dynamic_programming/linear_partitioning/cpp/linear_partitioning/build/CMakeFiles/CMakeTmp'
/usr/bin/cmake -E cmake_progress_report /home/dgquintas/Dropbox/samples/algorithms/dynamic_programming/linear_partitioning/cpp/linear_partitioning/build/CMakeFiles/CMakeTmp/CMakeFiles 1
Building C object CMakeFiles/cmTryCompileExec3992337947.dir/CheckFunctionExists.c.o
/usr/bin/cc   -DCHECK_FUNCTION_EXISTS=pthread_create   -o CMakeFiles/cmTryCompileExec3992337947.dir/CheckFunctionExists.c.o   -c /usr/share/cmake-3.1/Modules/CheckFunctionExists.c
Linking C executable cmTryCompileExec3992337947
/usr/bin/cmake -E cmake_link_script CMakeFiles/cmTryCompileExec3992337947.dir/link.txt --verbose=1
/usr/bin/cc   -DCHECK_FUNCTION_EXISTS=pthread_create   CMakeFiles/cmTryCompileExec3992337947.dir/CheckFunctionExists.c.o  -o cmTryCompileExec3992337947 -rdynamic -lpthreads 
/usr/bin/ld: cannot find -lpthreads
collect2: error: ld returned 1 exit status
CMakeFiles/cmTryCompileExec3992337947.dir/build.make:88: recipe for target 'cmTryCompileExec3992337947' failed
make[1]: Leaving directory '/home/dgquintas/Dropbox/samples/algorithms/dynamic_programming/linear_partitioning/cpp/linear_partitioning/build/CMakeFiles/CMakeTmp'
Makefile:118: recipe for target 'cmTryCompileExec3992337947/fast' failed
make[1]: *** [cmTryCompileExec3992337947] Error 1
make: *** [cmTryCompileExec3992337947/fast] Error 2


