Performing C++ SOURCE FILE Test HAVE_WSHORTEN_64_TO_32 failed with the following output:
Change Dir: /home/dgquintas/Dropbox/samples/cpp/google-benchmark/build/CMakeFiles/CMakeTmp

Run Build Command:"/usr/bin/make" "cmTryCompileExec330847024/fast"
/usr/bin/make -f CMakeFiles/cmTryCompileExec330847024.dir/build.make CMakeFiles/cmTryCompileExec330847024.dir/build
make[1]: Entering directory '/home/dgquintas/Dropbox/samples/cpp/google-benchmark/build/CMakeFiles/CMakeTmp'
/usr/bin/cmake -E cmake_progress_report /home/dgquintas/Dropbox/samples/cpp/google-benchmark/build/CMakeFiles/CMakeTmp/CMakeFiles 1
Building CXX object CMakeFiles/cmTryCompileExec330847024.dir/src.cxx.o
/usr/bin/c++    -std=c++11 -Wall -Wextra -Wshadow -Werror -pedantic-errors -DHAVE_WSHORTEN_64_TO_32   -Wshorten-64-to-32 -o CMakeFiles/cmTryCompileExec330847024.dir/src.cxx.o -c /home/dgquintas/Dropbox/samples/cpp/google-benchmark/build/CMakeFiles/CMakeTmp/src.cxx
c++: error: unrecognized command line option '-Wshorten-64-to-32'
CMakeFiles/cmTryCompileExec330847024.dir/build.make:57: recipe for target 'CMakeFiles/cmTryCompileExec330847024.dir/src.cxx.o' failed
make[1]: Leaving directory '/home/dgquintas/Dropbox/samples/cpp/google-benchmark/build/CMakeFiles/CMakeTmp'
make[1]: *** [CMakeFiles/cmTryCompileExec330847024.dir/src.cxx.o] Error 1
Makefile:117: recipe for target 'cmTryCompileExec330847024/fast' failed
make: *** [cmTryCompileExec330847024/fast] Error 2

Source file was:
int main() { return 0; }
Performing C++ SOURCE FILE Test HAVE_WTHREAD_SAFETY failed with the following output:
Change Dir: /home/dgquintas/Dropbox/samples/cpp/google-benchmark/build/CMakeFiles/CMakeTmp

Run Build Command:"/usr/bin/make" "cmTryCompileExec2054295463/fast"
/usr/bin/make -f CMakeFiles/cmTryCompileExec2054295463.dir/build.make CMakeFiles/cmTryCompileExec2054295463.dir/build
make[1]: Entering directory '/home/dgquintas/Dropbox/samples/cpp/google-benchmark/build/CMakeFiles/CMakeTmp'
/usr/bin/cmake -E cmake_progress_report /home/dgquintas/Dropbox/samples/cpp/google-benchmark/build/CMakeFiles/CMakeTmp/CMakeFiles 1
Building CXX object CMakeFiles/cmTryCompileExec2054295463.dir/src.cxx.o
/usr/bin/c++    -std=c++11 -Wall -Wextra -Wshadow -Werror -pedantic-errors -Wfloat-equal -Wzero-as-null-pointer-constant -DHAVE_WTHREAD_SAFETY   -Wthread-safety -o CMakeFiles/cmTryCompileExec2054295463.dir/src.cxx.o -c /home/dgquintas/Dropbox/samples/cpp/google-benchmark/build/CMakeFiles/CMakeTmp/src.cxx
c++: error: unrecognized command line option '-Wthread-safety'
CMakeFiles/cmTryCompileExec2054295463.dir/build.make:57: recipe for target 'CMakeFiles/cmTryCompileExec2054295463.dir/src.cxx.o' failed
make[1]: Leaving directory '/home/dgquintas/Dropbox/samples/cpp/google-benchmark/build/CMakeFiles/CMakeTmp'
make[1]: *** [CMakeFiles/cmTryCompileExec2054295463.dir/src.cxx.o] Error 1
Makefile:117: recipe for target 'cmTryCompileExec2054295463/fast' failed
make: *** [cmTryCompileExec2054295463/fast] Error 2

Source file was:
int main() { return 0; }
Determining if the pthread_create exist failed with the following output:
Change Dir: /home/dgquintas/Dropbox/samples/cpp/google-benchmark/build/CMakeFiles/CMakeTmp

Run Build Command:"/usr/bin/make" "cmTryCompileExec3173983533/fast"
/usr/bin/make -f CMakeFiles/cmTryCompileExec3173983533.dir/build.make CMakeFiles/cmTryCompileExec3173983533.dir/build
make[1]: Entering directory '/home/dgquintas/Dropbox/samples/cpp/google-benchmark/build/CMakeFiles/CMakeTmp'
/usr/bin/cmake -E cmake_progress_report /home/dgquintas/Dropbox/samples/cpp/google-benchmark/build/CMakeFiles/CMakeTmp/CMakeFiles 1
Building C object CMakeFiles/cmTryCompileExec3173983533.dir/CheckSymbolExists.c.o
/usr/bin/cc    -o CMakeFiles/cmTryCompileExec3173983533.dir/CheckSymbolExists.c.o   -c /home/dgquintas/Dropbox/samples/cpp/google-benchmark/build/CMakeFiles/CMakeTmp/CheckSymbolExists.c
Linking C executable cmTryCompileExec3173983533
/usr/bin/cmake -E cmake_link_script CMakeFiles/cmTryCompileExec3173983533.dir/link.txt --verbose=1
/usr/bin/cc       CMakeFiles/cmTryCompileExec3173983533.dir/CheckSymbolExists.c.o  -o cmTryCompileExec3173983533 -rdynamic 
CMakeFiles/cmTryCompileExec3173983533.dir/CheckSymbolExists.c.o: In function `main':
CheckSymbolExists.c:(.text+0x16): undefined reference to `pthread_create'
collect2: error: ld returned 1 exit status
CMakeFiles/cmTryCompileExec3173983533.dir/build.make:88: recipe for target 'cmTryCompileExec3173983533' failed
make[1]: *** [cmTryCompileExec3173983533] Error 1
make[1]: Leaving directory '/home/dgquintas/Dropbox/samples/cpp/google-benchmark/build/CMakeFiles/CMakeTmp'
Makefile:117: recipe for target 'cmTryCompileExec3173983533/fast' failed
make: *** [cmTryCompileExec3173983533/fast] Error 2

File /home/dgquintas/Dropbox/samples/cpp/google-benchmark/build/CMakeFiles/CMakeTmp/CheckSymbolExists.c:
/* */
#include <pthread.h>

int main(int argc, char** argv)
{
  (void)argv;
#ifndef pthread_create
  return ((int*)(&pthread_create))[argc];
#else
  (void)argc;
  return 0;
#endif
}

Determining if the function pthread_create exists in the pthreads failed with the following output:
Change Dir: /home/dgquintas/Dropbox/samples/cpp/google-benchmark/build/CMakeFiles/CMakeTmp

Run Build Command:"/usr/bin/make" "cmTryCompileExec1229651837/fast"
/usr/bin/make -f CMakeFiles/cmTryCompileExec1229651837.dir/build.make CMakeFiles/cmTryCompileExec1229651837.dir/build
make[1]: Entering directory '/home/dgquintas/Dropbox/samples/cpp/google-benchmark/build/CMakeFiles/CMakeTmp'
/usr/bin/cmake -E cmake_progress_report /home/dgquintas/Dropbox/samples/cpp/google-benchmark/build/CMakeFiles/CMakeTmp/CMakeFiles 1
Building C object CMakeFiles/cmTryCompileExec1229651837.dir/CheckFunctionExists.c.o
/usr/bin/cc   -DCHECK_FUNCTION_EXISTS=pthread_create   -o CMakeFiles/cmTryCompileExec1229651837.dir/CheckFunctionExists.c.o   -c /usr/share/cmake-3.2/Modules/CheckFunctionExists.c
Linking C executable cmTryCompileExec1229651837
/usr/bin/cmake -E cmake_link_script CMakeFiles/cmTryCompileExec1229651837.dir/link.txt --verbose=1
/usr/bin/cc   -DCHECK_FUNCTION_EXISTS=pthread_create    CMakeFiles/cmTryCompileExec1229651837.dir/CheckFunctionExists.c.o  -o cmTryCompileExec1229651837 -rdynamic -lpthreads 
/usr/bin/ld: cannot find -lpthreads
collect2: error: ld returned 1 exit status
CMakeFiles/cmTryCompileExec1229651837.dir/build.make:88: recipe for target 'cmTryCompileExec1229651837' failed
make[1]: Leaving directory '/home/dgquintas/Dropbox/samples/cpp/google-benchmark/build/CMakeFiles/CMakeTmp'
make[1]: *** [cmTryCompileExec1229651837] Error 1
Makefile:117: recipe for target 'cmTryCompileExec1229651837/fast' failed
make: *** [cmTryCompileExec1229651837/fast] Error 2


